"../../../Engine/Content/Functions/Engine_MaterialFunctions01/Shading/PowerToRoughness.uasset" 0
"../../../Engine/Content/Functions/Engine_MaterialFunctions01/Shading/PowerToRoughness.uexp" 1
"../../../Engine/Content/Functions/Engine_MaterialFunctions01/Shading/ConvertFromDiffSpec.uasset" 2
"../../../Engine/Content/Functions/Engine_MaterialFunctions01/Shading/ConvertFromDiffSpec.uexp" 3
"../../../Engine/Content/EngineSounds/Master.uasset" 4
"../../../Engine/Content/EngineSounds/Master.uexp" 5
"../../../Engine/Content/EngineSky/T_Sky_Stars.ubulk" 6
"../../../Engine/Content/EngineSky/T_Sky_Stars.uasset" 7
"../../../Engine/Content/EngineSky/T_Sky_Stars.uexp" 8
"../../../Engine/Content/EngineSky/T_Sky_Clouds_M.ubulk" 9
"../../../Engine/Content/EngineSky/T_Sky_Clouds_M.uasset" 10
"../../../Engine/Content/EngineSky/T_Sky_Clouds_M.uexp" 11
"../../../Engine/Content/EngineSky/T_Sky_Blue.ubulk" 12
"../../../Engine/Content/EngineSky/T_Sky_Blue.uasset" 13
"../../../Engine/Content/EngineSky/T_Sky_Blue.uexp" 14
"../../../Engine/Content/EngineSky/M_Sky_Panning_Clouds2.uasset" 15
"../../../Engine/Content/EngineSky/M_Sky_Panning_Clouds2.uexp" 16
"../../../Engine/Content/EngineSky/SM_SkySphere.ubulk" 17
"../../../Engine/Content/EngineSky/SM_SkySphere.uasset" 18
"../../../Engine/Content/EngineSky/SM_SkySphere.uexp" 19
"../../../Engine/Content/EngineSky/M_SimpleSkyDome.uasset" 20
"../../../Engine/Content/EngineSky/M_SimpleSkyDome.uexp" 21
"../../../Engine/Content/EngineSky/VolumetricClouds/CloudWeatherTexture.uasset" 22
"../../../Engine/Content/EngineSky/VolumetricClouds/CloudWeatherTexture.uexp" 23
"../../../Engine/Content/Functions/Engine_MaterialFunctions02/Utility/MakeFloat2.uasset" 24
"../../../Engine/Content/Functions/Engine_MaterialFunctions02/Utility/MakeFloat2.uexp" 25
"../../../Engine/Content/EngineSky/VolumetricClouds/CloudGradientTexture.uasset" 26
"../../../Engine/Content/EngineSky/VolumetricClouds/CloudGradientTexture.uexp" 27
"../../../Engine/Content/EngineSky/VolumetricClouds/T_NoiseShape64.ubulk" 28
"../../../Engine/Content/EngineSky/VolumetricClouds/T_NoiseShape64.uasset" 29
"../../../Engine/Content/EngineSky/VolumetricClouds/T_NoiseShape64.uexp" 30
"../../../Engine/Content/EngineSky/VolumetricClouds/T_VolumeNoiseShape64.uasset" 31
"../../../Engine/Content/EngineSky/VolumetricClouds/T_VolumeNoiseShape64.uexp" 32
"../../../Engine/Content/EngineSky/VolumetricClouds/T_NoiseErosion.ubulk" 33
"../../../Engine/Content/EngineSky/VolumetricClouds/T_NoiseErosion.uasset" 34
"../../../Engine/Content/EngineSky/VolumetricClouds/T_NoiseErosion.uexp" 35
"../../../Engine/Content/EngineSky/VolumetricClouds/T_VolumeNoiseErosion32.uasset" 36
"../../../Engine/Content/EngineSky/VolumetricClouds/T_VolumeNoiseErosion32.uexp" 37
"../../../Engine/Content/EngineSky/VolumetricClouds/m_SimpleVolumetricCloud.uasset" 38
"../../../Engine/Content/EngineSky/VolumetricClouds/m_SimpleVolumetricCloud.uexp" 39
"../../../Engine/Content/EngineSky/VolumetricClouds/m_SimpleVolumetricCloud_Inst.uasset" 40
"../../../Engine/Content/EngineSky/VolumetricClouds/m_SimpleVolumetricCloud_Inst.uexp" 41
"../../../Engine/Content/EngineResources/GradientTexture0.uasset" 42
"../../../Engine/Content/EngineResources/GradientTexture0.uexp" 43
"../../../Engine/Content/EngineResources/DefaultVolumeTexture2D.uasset" 44
"../../../Engine/Content/EngineResources/DefaultVolumeTexture2D.uexp" 45
"../../../Engine/Content/EngineResources/DefaultVolumeTexture.uasset" 46
"../../../Engine/Content/EngineResources/DefaultVolumeTexture.uexp" 47
"../../../Engine/Content/EngineResources/DefaultTextureCube.uasset" 48
"../../../Engine/Content/EngineResources/DefaultTextureCube.uexp" 49
"../../../Engine/Content/EngineResources/DefaultTexture.ubulk" 50
"../../../Engine/Content/EngineResources/DefaultTexture.uasset" 51
"../../../Engine/Content/EngineResources/DefaultTexture.uexp" 52
"../../../Engine/Content/EngineResources/Black.uasset" 53
"../../../Engine/Content/EngineResources/Black.uexp" 54
"../../../Engine/Content/EngineResources/FilmGrains/Marcie_Grain_v3_128_M2_000.uasset" 55
"../../../Engine/Content/EngineResources/FilmGrains/Marcie_Grain_v3_128_M2_000.uexp" 56
"../../../Engine/Content/EngineMeshes/Sphere.ubulk" 57
"../../../Engine/Content/EngineMeshes/Sphere.uasset" 58
"../../../Engine/Content/EngineMeshes/Sphere.uexp" 59
"../../../Engine/Content/EngineResources/WhiteSquareTexture.uasset" 60
"../../../Engine/Content/EngineResources/WhiteSquareTexture.uexp" 61
"../../../Engine/Content/EngineMaterials/Widget3DPassThrough.uasset" 62
"../../../Engine/Content/EngineMaterials/Widget3DPassThrough.uexp" 63
"../../../Engine/Content/EngineMaterials/Widget3DPassThrough_Translucent.uasset" 64
"../../../Engine/Content/EngineMaterials/Widget3DPassThrough_Translucent.uexp" 65
"../../../Engine/Content/EngineMaterials/Widget3DPassThrough_Translucent_OneSided.uasset" 66
"../../../Engine/Content/EngineMaterials/Widget3DPassThrough_Translucent_OneSided.uexp" 67
"../../../Engine/Content/EngineMaterials/Widget3DPassThrough_Opaque.uasset" 68
"../../../Engine/Content/EngineMaterials/Widget3DPassThrough_Opaque.uexp" 69
"../../../Engine/Content/EngineMaterials/Widget3DPassThrough_Opaque_OneSided.uasset" 70
"../../../Engine/Content/EngineMaterials/Widget3DPassThrough_Opaque_OneSided.uexp" 71
"../../../Engine/Content/EngineMaterials/Widget3DPassThrough_Masked_OneSided.uasset" 72
"../../../Engine/Content/EngineMaterials/Widget3DPassThrough_Masked_OneSided.uexp" 73
"../../../Engine/Content/EngineMaterials/Widget3DPassThrough_Masked.uasset" 74
"../../../Engine/Content/EngineMaterials/Widget3DPassThrough_Masked.uexp" 75
"../../../Engine/Content/EngineMaterials/WeightMapPlaceholderTexture.uasset" 76
"../../../Engine/Content/EngineMaterials/WeightMapPlaceholderTexture.uexp" 77
"../../../Engine/Content/EngineMaterials/RemoveSurfaceMaterial.uasset" 78
"../../../Engine/Content/EngineMaterials/RemoveSurfaceMaterial.uexp" 79
"../../../Engine/Content/EngineMaterials/PreintegratedSkinBRDF.uasset" 80
"../../../Engine/Content/EngineMaterials/PreintegratedSkinBRDF.uexp" 81
"../../../Engine/Content/EngineMaterials/DefaultCalibrationGrayscale.uasset" 82
"../../../Engine/Content/EngineMaterials/DefaultCalibrationGrayscale.uexp" 83
"../../../Engine/Content/EngineMaterials/PPM_DefaultCalibrationGrayscale.uasset" 84
"../../../Engine/Content/EngineMaterials/PPM_DefaultCalibrationGrayscale.uexp" 85
"../../../Engine/Content/EngineMaterials/DefaultCalibrationColor.uasset" 86
"../../../Engine/Content/EngineMaterials/DefaultCalibrationColor.uexp" 87
"../../../Engine/Content/EngineMaterials/PPM_DefaultCalibrationColor.uasset" 88
"../../../Engine/Content/EngineMaterials/PPM_DefaultCalibrationColor.uexp" 89
"../../../Engine/Content/Functions/Engine_MaterialFunctions02/WorldPositionOffset/CameraOffset.uasset" 90
"../../../Engine/Content/Functions/Engine_MaterialFunctions02/WorldPositionOffset/CameraOffset.uexp" 91
"../../../Engine/Content/EngineMaterials/PhAT_JointLimitMaterial.uasset" 92
"../../../Engine/Content/EngineMaterials/PhAT_JointLimitMaterial.uexp" 93
"../../../Engine/Content/EngineMaterials/InvalidLightmapSettings.ubulk" 94
"../../../Engine/Content/EngineMaterials/InvalidLightmapSettings.uasset" 95
"../../../Engine/Content/EngineMaterials/InvalidLightmapSettings.uexp" 96
"../../../Engine/Content/EngineMaterials/M_InvalidLightmapSettings.uasset" 97
"../../../Engine/Content/EngineMaterials/M_InvalidLightmapSettings.uexp" 98
"../../../Engine/Content/EngineMaterials/MiniFont.uasset" 99
"../../../Engine/Content/EngineMaterials/MiniFont.uexp" 100
"../../../Engine/Content/EngineMaterials/Good64x64TilingNoiseHighFreq.uasset" 101
"../../../Engine/Content/EngineMaterials/Good64x64TilingNoiseHighFreq.uexp" 102
"../../../Engine/Content/EngineMaterials/GizmoMaterial.uasset" 103
"../../../Engine/Content/EngineMaterials/GizmoMaterial.uexp" 104
"../../../Engine/Content/EngineMaterials/BaseFlattenEmissiveMap_VT.uasset" 105
"../../../Engine/Content/EngineMaterials/BaseFlattenEmissiveMap_VT.uexp" 106
"../../../Engine/Content/EngineMaterials/BaseFlattenGrayscaleMap_VT.uasset" 107
"../../../Engine/Content/EngineMaterials/BaseFlattenGrayscaleMap_VT.uexp" 108
"../../../Engine/Content/EngineMaterials/BaseFlattenLinearColor_VT.uasset" 109
"../../../Engine/Content/EngineMaterials/BaseFlattenLinearColor_VT.uexp" 110
"../../../Engine/Content/EngineMaterials/Black_1x1_EXR_Texture_VT.uasset" 111
"../../../Engine/Content/EngineMaterials/Black_1x1_EXR_Texture_VT.uexp" 112
"../../../Engine/Content/EngineMaterials/BaseFlattenDiffuseMap_VT.uasset" 113
"../../../Engine/Content/EngineMaterials/BaseFlattenDiffuseMap_VT.uexp" 114
"../../../Engine/Content/EngineMaterials/BaseFlattenNormalMap_VT.uasset" 115
"../../../Engine/Content/EngineMaterials/BaseFlattenNormalMap_VT.uexp" 116
"../../../Engine/Content/EngineMaterials/FlattenMaterial_WS_Normal_VT.uasset" 117
"../../../Engine/Content/EngineMaterials/FlattenMaterial_WS_Normal_VT.uexp" 118
"../../../Engine/Content/EngineMaterials/FlattenMaterial_VT.uasset" 119
"../../../Engine/Content/EngineMaterials/FlattenMaterial_VT.uexp" 120
"../../../Engine/Content/EngineMaterials/BaseFlattenNormalMap.uasset" 121
"../../../Engine/Content/EngineMaterials/BaseFlattenNormalMap.uexp" 122
"../../../Engine/Content/EngineMaterials/BaseFlattenGrayscaleMap.uasset" 123
"../../../Engine/Content/EngineMaterials/BaseFlattenGrayscaleMap.uexp" 124
"../../../Engine/Content/EngineMaterials/BaseFlattenDiffuseMap.uasset" 125
"../../../Engine/Content/EngineMaterials/BaseFlattenDiffuseMap.uexp" 126
"../../../Engine/Content/Functions/Engine_MaterialFunctions02/PivotPainter2/Black_1x1_EXR_Texture.uasset" 127
"../../../Engine/Content/Functions/Engine_MaterialFunctions02/PivotPainter2/Black_1x1_EXR_Texture.uexp" 128
"../../../Engine/Content/EngineMaterials/BaseFlattenEmissiveMap.uasset" 129
"../../../Engine/Content/EngineMaterials/BaseFlattenEmissiveMap.uexp" 130
"../../../Engine/Content/EngineMaterials/BaseFlattenLinearColor.uasset" 131
"../../../Engine/Content/EngineMaterials/BaseFlattenLinearColor.uexp" 132
"../../../Engine/Content/EngineMaterials/FlattenMaterial.uasset" 133
"../../../Engine/Content/EngineMaterials/FlattenMaterial.uexp" 134
"../../../Engine/Content/EngineMaterials/DefaultWhiteGrid_Low.uasset" 135
"../../../Engine/Content/EngineMaterials/DefaultWhiteGrid_Low.uexp" 136
"../../../Engine/Content/EngineMaterials/EmissiveMeshMaterial.uasset" 137
"../../../Engine/Content/EngineMaterials/EmissiveMeshMaterial.uexp" 138
"../../../Engine/Content/EngineMaterials/DefaultWhiteGrid.ubulk" 139
"../../../Engine/Content/EngineMaterials/DefaultWhiteGrid.uasset" 140
"../../../Engine/Content/EngineMaterials/DefaultWhiteGrid.uexp" 141
"../../../Engine/Content/EngineFonts/RobotoDistanceField.uasset" 142
"../../../Engine/Content/EngineFonts/RobotoDistanceField.uexp" 143
"../../../Engine/Content/EngineMaterials/DefaultTextMaterialOpaque.uasset" 144
"../../../Engine/Content/EngineMaterials/DefaultTextMaterialOpaque.uexp" 145
"../../../Engine/Content/EngineMaterials/DefaultDiffuse.ubulk" 146
"../../../Engine/Content/EngineMaterials/DefaultDiffuse.uasset" 147
"../../../Engine/Content/EngineMaterials/DefaultDiffuse.uexp" 148
"../../../Engine/Content/Functions/Engine_MaterialFunctions02/Utility/BreakOutFloat2Components.uasset" 149
"../../../Engine/Content/Functions/Engine_MaterialFunctions02/Utility/BreakOutFloat2Components.uexp" 150
"../../../Engine/Content/EngineMaterials/DefaultPostProcessMaterial.uasset" 151
"../../../Engine/Content/EngineMaterials/DefaultPostProcessMaterial.uexp" 152
"../../../Engine/Content/EngineMaterials/DefaultPhysicalMaterial.uasset" 153
"../../../Engine/Content/EngineMaterials/DefaultPhysicalMaterial.uexp" 154
"../../../Engine/Content/EngineMaterials/DefaultLightFunctionMaterial.uasset" 155
"../../../Engine/Content/EngineMaterials/DefaultLightFunctionMaterial.uexp" 156
"../../../Engine/Content/EngineMaterials/DefaultDestructiblePhysicalMaterial.uasset" 157
"../../../Engine/Content/EngineMaterials/DefaultDestructiblePhysicalMaterial.uexp" 158
"../../../Engine/Content/EngineMaterials/DefaultDeferredDecalMaterial.uasset" 159
"../../../Engine/Content/EngineMaterials/DefaultDeferredDecalMaterial.uexp" 160
"../../../Engine/Content/EngineMaterials/DefaultBokeh.uasset" 161
"../../../Engine/Content/EngineMaterials/DefaultBokeh.uexp" 162
"../../../Engine/Content/EngineMaterials/DefaultBloomKernel.uasset" 163
"../../../Engine/Content/EngineMaterials/DefaultBloomKernel.uexp" 164
"../../../Engine/Content/EngineMaterials/BlueNoise.uasset" 165
"../../../Engine/Content/EngineMaterials/BlueNoise.uexp" 166
"../../../Engine/Content/EngineFonts/Faces/RobotoLight.uexp" 167
"../../../Engine/Content/EngineFonts/Faces/RobotoLight.uasset" 168
"../../../Engine/Content/EngineFonts/Faces/RobotoLight.ufont" 169
"../../../Engine/Content/EngineFonts/Faces/RobotoBold.uexp" 170
"../../../Engine/Content/EngineFonts/Faces/RobotoBold.uasset" 171
"../../../Engine/Content/EngineFonts/Faces/RobotoBold.ufont" 172
"../../../Engine/Content/EngineFonts/Faces/RobotoRegular.uexp" 173
"../../../Engine/Content/EngineFonts/Faces/RobotoRegular.uasset" 174
"../../../Engine/Content/EngineFonts/Faces/RobotoRegular.ufont" 175
"../../../Engine/Content/EngineFonts/Faces/DroidSansFallback.uexp" 176
"../../../Engine/Content/EngineFonts/Faces/DroidSansFallback.uasset" 177
"../../../Engine/Content/EngineFonts/Faces/DroidSansFallback.ufont" 178
"../../../Engine/Content/EngineFonts/Faces/RobotoItalic.uexp" 179
"../../../Engine/Content/EngineFonts/Faces/RobotoItalic.uasset" 180
"../../../Engine/Content/EngineFonts/Faces/RobotoItalic.ufont" 181
"../../../Engine/Content/EngineFonts/Faces/RobotoBoldItalic.uexp" 182
"../../../Engine/Content/EngineFonts/Faces/RobotoBoldItalic.uasset" 183
"../../../Engine/Content/EngineFonts/Faces/RobotoBoldItalic.ufont" 184
"../../../Engine/Content/EngineFonts/Roboto.uasset" 185
"../../../Engine/Content/EngineFonts/Roboto.uexp" 186
"../../../Engine/Content/Functions/Engine_MaterialFunctions02/Utility/CameraDirectionVector.uasset" 187
"../../../Engine/Content/Functions/Engine_MaterialFunctions02/Utility/CameraDirectionVector.uexp" 188
"../../../Engine/Content/EngineDebugMaterials/VolumeToRender.uasset" 189
"../../../Engine/Content/EngineDebugMaterials/VolumeToRender.uexp" 190
"../../../Engine/Content/EngineDebugMaterials/M_VolumeRenderSphereTracePP.uasset" 191
"../../../Engine/Content/EngineDebugMaterials/M_VolumeRenderSphereTracePP.uexp" 192
"../../../Engine/Content/EngineDebugMaterials/M_SimpleUnlitTranslucent.uasset" 193
"../../../Engine/Content/EngineDebugMaterials/M_SimpleUnlitTranslucent.uexp" 194
"../../../Engine/Content/EngineDebugMaterials/DebugMeshMaterial.uasset" 195
"../../../Engine/Content/EngineDebugMaterials/DebugMeshMaterial.uexp" 196
"../../../Engine/Content/EngineDebugMaterials/DebugEditorMaterial.uasset" 197
"../../../Engine/Content/EngineDebugMaterials/DebugEditorMaterial.uexp" 198
"../../../Engine/Content/EngineDamageTypes/DmgTypeBP_Environmental.uasset" 199
"../../../Engine/Content/EngineDamageTypes/DmgTypeBP_Environmental.uexp" 200
"../../../Engine/Content/EditorResources/S_TriggerSphere.uasset" 201
"../../../Engine/Content/EditorResources/S_TriggerSphere.uexp" 202
"../../../Engine/Content/EditorResources/S_TriggerCapsule.uasset" 203
"../../../Engine/Content/EditorResources/S_TriggerCapsule.uexp" 204
"../../../Engine/Content/EditorResources/S_TriggerBox.uasset" 205
"../../../Engine/Content/EditorResources/S_TriggerBox.uexp" 206
"../../../Engine/Content/EditorResources/S_Trigger.ubulk" 207
"../../../Engine/Content/EditorResources/S_Trigger.uasset" 208
"../../../Engine/Content/EditorResources/S_Trigger.uexp" 209
"../../../Engine/Content/EditorResources/S_Terrain.ubulk" 210
"../../../Engine/Content/EditorResources/S_Terrain.uasset" 211
"../../../Engine/Content/EditorResources/S_Terrain.uexp" 212
"../../../Engine/Content/EditorResources/S_Solver.ubulk" 213
"../../../Engine/Content/EditorResources/S_Solver.uasset" 214
"../../../Engine/Content/EditorResources/S_Solver.uexp" 215
"../../../Engine/Content/EditorResources/S_BoxReflectionCapture.uasset" 216
"../../../Engine/Content/EditorResources/S_BoxReflectionCapture.uexp" 217
"../../../Engine/Content/EditorResources/S_Actor.ubulk" 218
"../../../Engine/Content/EditorResources/S_Actor.uasset" 219
"../../../Engine/Content/EditorResources/S_Actor.uexp" 220
"../../../Engine/Content/EditorResources/EmptyActor.uasset" 221
"../../../Engine/Content/EditorResources/EmptyActor.uexp" 222
"../../../Engine/Content/EditorResources/BSPVertex.uasset" 223
"../../../Engine/Content/EditorResources/BSPVertex.uexp" 224
"../../../Engine/Content/EditorResources/SequenceRecorder/RecordingIndicator.uasset" 225
"../../../Engine/Content/EditorResources/SequenceRecorder/RecordingIndicator.uexp" 226
"../../../Engine/Content/EditorResources/SequenceRecorder/Countdown.uasset" 227
"../../../Engine/Content/EditorResources/SequenceRecorder/Countdown.uexp" 228
"../../../Engine/Content/EditorMaterials/Camera/CineMat.uasset" 229
"../../../Engine/Content/EditorMaterials/Camera/CineMat.uexp" 230
"../../../Engine/Content/EditorMaterials/Camera/MI_CineMat_Rig.uasset" 231
"../../../Engine/Content/EditorMaterials/Camera/MI_CineMat_Rig.uexp" 232
"../../../Engine/Content/EditorMeshes/Camera/SM_RailRig_Track.ubulk" 233
"../../../Engine/Content/EditorMeshes/Camera/SM_RailRig_Track.uasset" 234
"../../../Engine/Content/EditorMeshes/Camera/SM_RailRig_Track.uexp" 235
"../../../Engine/Content/EditorMeshes/Camera/SM_RailRig_Mount.ubulk" 236
"../../../Engine/Content/EditorMeshes/Camera/SM_RailRig_Mount.uasset" 237
"../../../Engine/Content/EditorMeshes/Camera/SM_RailRig_Mount.uexp" 238
"../../../Engine/Content/EditorMeshes/Camera/SM_CraneRig_Mount.ubulk" 239
"../../../Engine/Content/EditorMeshes/Camera/SM_CraneRig_Mount.uasset" 240
"../../../Engine/Content/EditorMeshes/Camera/SM_CraneRig_Mount.uexp" 241
"../../../Engine/Content/EditorMeshes/Camera/SM_CraneRig_Body.ubulk" 242
"../../../Engine/Content/EditorMeshes/Camera/SM_CraneRig_Body.uasset" 243
"../../../Engine/Content/EditorMeshes/Camera/SM_CraneRig_Body.uexp" 244
"../../../Engine/Content/EditorMeshes/Camera/SM_CraneRig_Base.ubulk" 245
"../../../Engine/Content/EditorMeshes/Camera/SM_CraneRig_Base.uasset" 246
"../../../Engine/Content/EditorMeshes/Camera/SM_CraneRig_Base.uexp" 247
"../../../Engine/Content/EditorMeshes/Camera/SM_CraneRig_Arm.ubulk" 248
"../../../Engine/Content/EditorMeshes/Camera/SM_CraneRig_Arm.uasset" 249
"../../../Engine/Content/EditorMeshes/Camera/SM_CraneRig_Arm.uexp" 250
"../../../Engine/Content/MobileResources/HUD/VirtualJoystick_Background.uasset" 251
"../../../Engine/Content/MobileResources/HUD/VirtualJoystick_Background.uexp" 252
"../../../Engine/Content/MobileResources/HUD/VirtualJoystick_Thumb.uasset" 253
"../../../Engine/Content/MobileResources/HUD/VirtualJoystick_Thumb.uexp" 254
"../../../Engine/Content/MobileResources/HUD/DefaultVirtualJoysticks.uasset" 255
"../../../Engine/Content/MobileResources/HUD/DefaultVirtualJoysticks.uexp" 256
"../../../Engine/Content/EditorMaterials/PreviewShadowIndicator.ubulk" 257
"../../../Engine/Content/EditorMaterials/PreviewShadowIndicator.uasset" 258
"../../../Engine/Content/EditorMaterials/PreviewShadowIndicator.uexp" 259
"../../../Engine/Content/EditorMaterials/PreviewShadowIndicatorMaterial.uasset" 260
"../../../Engine/Content/EditorMaterials/PreviewShadowIndicatorMaterial.uexp" 261
"../../../Engine/Content/EditorMaterials/MAT_Groups_Visibility.uasset" 262
"../../../Engine/Content/EditorMaterials/MAT_Groups_Visibility.uexp" 263
"../../../Engine/Content/EditorMaterials/MAT_Groups_Toggle.uasset" 264
"../../../Engine/Content/EditorMaterials/MAT_Groups_Toggle.uexp" 265
"../../../Engine/Content/Functions/Engine_MaterialFunctions02/Utility/MakeFloat4.uasset" 266
"../../../Engine/Content/Functions/Engine_MaterialFunctions02/Utility/MakeFloat4.uexp" 267
"../../../Engine/Content/Functions/Engine_MaterialFunctions02/Utility/MakeFloat3.uasset" 268
"../../../Engine/Content/Functions/Engine_MaterialFunctions02/Utility/MakeFloat3.uexp" 269
"../../../Engine/Content/Functions/Engine_MaterialFunctions02/Utility/BreakOutFloat3Components.uasset" 270
"../../../Engine/Content/Functions/Engine_MaterialFunctions02/Utility/BreakOutFloat3Components.uexp" 271
"../../../Engine/Content/EditorMaterials/WorldPartition/WorldPartitionSpatialHashGridPreviewMaterial.uasset" 272
"../../../Engine/Content/EditorMaterials/WorldPartition/WorldPartitionSpatialHashGridPreviewMaterial.uexp" 273
"../../../Engine/Content/EditorMaterials/ParticleSystems/PSysThumbnail_OOD.ubulk" 274
"../../../Engine/Content/EditorMaterials/ParticleSystems/PSysThumbnail_OOD.uasset" 275
"../../../Engine/Content/EditorMaterials/ParticleSystems/PSysThumbnail_OOD.uexp" 276
"../../../Engine/Content/EditorMaterials/ParticleSystems/PSysThumbnail_NoImage.ubulk" 277
"../../../Engine/Content/EditorMaterials/ParticleSystems/PSysThumbnail_NoImage.uasset" 278
"../../../Engine/Content/EditorMaterials/ParticleSystems/PSysThumbnail_NoImage.uexp" 279
"../../../Engine/Content/EditorMaterials/MatineeGroups/MAT_Groups_Vector.uasset" 280
"../../../Engine/Content/EditorMaterials/MatineeGroups/MAT_Groups_Vector.uexp" 281
"../../../Engine/Content/EditorMaterials/MatineeGroups/MAT_Groups_Sound.uasset" 282
"../../../Engine/Content/EditorMaterials/MatineeGroups/MAT_Groups_Sound.uexp" 283
"../../../Engine/Content/EditorMaterials/MatineeGroups/MAT_Groups_Slomo.uasset" 284
"../../../Engine/Content/EditorMaterials/MatineeGroups/MAT_Groups_Slomo.uexp" 285
"../../../Engine/Content/EditorMaterials/MatineeGroups/MAT_Groups_Move.uasset" 286
"../../../Engine/Content/EditorMaterials/MatineeGroups/MAT_Groups_Move.uexp" 287
"../../../Engine/Content/EditorMaterials/MatineeGroups/MAT_Groups_Float.uasset" 288
"../../../Engine/Content/EditorMaterials/MatineeGroups/MAT_Groups_Float.uexp" 289
"../../../Engine/Content/EditorMaterials/MatineeGroups/MAT_Groups_Fade.uasset" 290
"../../../Engine/Content/EditorMaterials/MatineeGroups/MAT_Groups_Fade.uexp" 291
"../../../Engine/Content/EditorMaterials/MatineeGroups/MAT_Groups_Event.uasset" 292
"../../../Engine/Content/EditorMaterials/MatineeGroups/MAT_Groups_Event.uexp" 293
"../../../Engine/Content/EditorMaterials/MatineeGroups/MAT_Groups_Director.uasset" 294
"../../../Engine/Content/EditorMaterials/MatineeGroups/MAT_Groups_Director.uexp" 295
"../../../Engine/Content/EditorMaterials/MatineeGroups/MAT_Groups_AudioMaster.uasset" 296
"../../../Engine/Content/EditorMaterials/MatineeGroups/MAT_Groups_AudioMaster.uexp" 297
"../../../Engine/Content/EditorMaterials/MatineeGroups/MAT_Groups_Anim.uasset" 298
"../../../Engine/Content/EditorMaterials/MatineeGroups/MAT_Groups_Anim.uexp" 299
"../../../Engine/Content/EditorMaterials/MatineeGroups/MAT_ColorTrack.uasset" 300
"../../../Engine/Content/EditorMaterials/MatineeGroups/MAT_ColorTrack.uexp" 301
"../../../Engine/Content/EditorLandscapeResources/DefaultAlphaTexture.uasset" 302
"../../../Engine/Content/EditorLandscapeResources/DefaultAlphaTexture.uexp" 303
"../../../Engine/Content/EditorLandscapeResources/DataLayer.uasset" 304
"../../../Engine/Content/EditorLandscapeResources/DataLayer.uexp" 305
"../../../Engine/Content/EngineMaterials/T_Default_Material_Grid_M.ubulk" 306
"../../../Engine/Content/EngineMaterials/T_Default_Material_Grid_M.uasset" 307
"../../../Engine/Content/EngineMaterials/T_Default_Material_Grid_M.uexp" 308
"../../../Engine/Content/EngineMaterials/T_Default_Material_Grid_N.ubulk" 309
"../../../Engine/Content/EngineMaterials/T_Default_Material_Grid_N.uasset" 310
"../../../Engine/Content/EngineMaterials/T_Default_Material_Grid_N.uexp" 311
"../../../Engine/Content/Functions/Engine_MaterialFunctions01/Opacity/CameraDepthFade.uasset" 312
"../../../Engine/Content/Functions/Engine_MaterialFunctions01/Opacity/CameraDepthFade.uexp" 313
"../../../Engine/Content/EngineMaterials/DefaultMaterial.uasset" 314
"../../../Engine/Content/EngineMaterials/DefaultMaterial.uexp" 315
"../../../Engine/Content/BasicShapes/Sphere.ubulk" 316
"../../../Engine/Content/BasicShapes/Sphere.uasset" 317
"../../../Engine/Content/BasicShapes/Sphere.uexp" 318
"../../../Engine/Content/EngineMaterials/WorldGridMaterial.uasset" 319
"../../../Engine/Content/EngineMaterials/WorldGridMaterial.uexp" 320
"../../../Engine/Content/BasicShapes/Plane.ubulk" 321
"../../../Engine/Content/BasicShapes/Plane.uasset" 322
"../../../Engine/Content/BasicShapes/Plane.uexp" 323
"../../../Engine/Content/BasicShapes/Cylinder.ubulk" 324
"../../../Engine/Content/BasicShapes/Cylinder.uasset" 325
"../../../Engine/Content/BasicShapes/Cylinder.uexp" 326
"../../../Engine/Content/BasicShapes/Cube.ubulk" 327
"../../../Engine/Content/BasicShapes/Cube.uasset" 328
"../../../Engine/Content/BasicShapes/Cube.uexp" 329
"../../../Engine/Content/ArtTools/RenderToTexture/Meshes/S_1_Unit_Plane.ubulk" 330
"../../../Engine/Content/ArtTools/RenderToTexture/Meshes/S_1_Unit_Plane.uasset" 331
"../../../Engine/Content/ArtTools/RenderToTexture/Meshes/S_1_Unit_Plane.uexp" 332
"../../../Engine/Content/Tutorial/ContentIntroCurve.uasset" 333
"../../../Engine/Content/Tutorial/ContentIntroCurve.uexp" 334
"../../../Engine/Content/VREditor/TransformGizmo/Main.uasset" 335
"../../../Engine/Content/VREditor/TransformGizmo/Main.uexp" 336
"../../../Engine/Content/VREditor/TransformGizmo/Xray.uasset" 337
"../../../Engine/Content/VREditor/TransformGizmo/Xray.uexp" 338
"../../../Engine/Content/VREditor/TransformGizmo/SM_Sequencer_Node.ubulk" 339
"../../../Engine/Content/VREditor/TransformGizmo/SM_Sequencer_Node.uasset" 340
"../../../Engine/Content/VREditor/TransformGizmo/SM_Sequencer_Node.uexp" 341
"../../../Engine/Content/VREditor/LaserPointer/VR_LaserPower_01.ubulk" 342
"../../../Engine/Content/VREditor/LaserPointer/VR_LaserPower_01.uasset" 343
"../../../Engine/Content/VREditor/LaserPointer/VR_LaserPower_01.uexp" 344
"../../../Engine/Content/VREditor/TransformGizmo/TransformGizmoMaterial.uasset" 345
"../../../Engine/Content/VREditor/TransformGizmo/TransformGizmoMaterial.uexp" 346
"../../../Engine/Content/VREditor/TransformGizmo/TranslucentTransformGizmoMaterial.uasset" 347
"../../../Engine/Content/VREditor/TransformGizmo/TranslucentTransformGizmoMaterial.uexp" 348
"../../../Engine/Content/VREditor/TransformGizmo/PlaneTranslationHandle.ubulk" 349
"../../../Engine/Content/VREditor/TransformGizmo/PlaneTranslationHandle.uasset" 350
"../../../Engine/Content/VREditor/TransformGizmo/PlaneTranslationHandle.uexp" 351
"../../../Engine/Content/VREditor/TransformGizmo/BoundingBoxEdge.ubulk" 352
"../../../Engine/Content/VREditor/TransformGizmo/BoundingBoxEdge.uasset" 353
"../../../Engine/Content/VREditor/TransformGizmo/BoundingBoxEdge.uexp" 354
"../../../Engine/Content/VREditor/TransformGizmo/BoundingBoxCorner.ubulk" 355
"../../../Engine/Content/VREditor/TransformGizmo/BoundingBoxCorner.uasset" 356
"../../../Engine/Content/VREditor/TransformGizmo/BoundingBoxCorner.uexp" 357
"../../../Engine/Plugins/2D/Paper2D/Content/PlaceholderTextures/DummySpriteTexture.ubulk" 358
"../../../Engine/Plugins/2D/Paper2D/Content/PlaceholderTextures/DummySpriteTexture.uasset" 359
"../../../Engine/Plugins/2D/Paper2D/Content/PlaceholderTextures/DummySpriteTexture.uexp" 360
"../../../Engine/Plugins/2D/Paper2D/Content/DefaultSpriteMaterial.uasset" 361
"../../../Engine/Plugins/2D/Paper2D/Content/DefaultSpriteMaterial.uexp" 362
"../../../Engine/Plugins/2D/Paper2D/Content/OpaqueUnlitSpriteMaterial.uasset" 363
"../../../Engine/Plugins/2D/Paper2D/Content/OpaqueUnlitSpriteMaterial.uexp" 364
"../../../Engine/Plugins/2D/Paper2D/Content/MaskedUnlitSpriteMaterial.uasset" 365
"../../../Engine/Plugins/2D/Paper2D/Content/MaskedUnlitSpriteMaterial.uexp" 366
"../../../Engine/Plugins/2D/Paper2D/Content/DummySprite.uasset" 367
"../../../Engine/Plugins/2D/Paper2D/Content/DummySprite.uexp" 368
"../../../Engine/Plugins/2D/Paper2D/Content/DefaultPaperTerrainMaterial.uasset" 369
"../../../Engine/Plugins/2D/Paper2D/Content/DefaultPaperTerrainMaterial.uexp" 370
"../../../Engine/Plugins/Animation/ControlRig/Content/M_Manip.uasset" 371
"../../../Engine/Plugins/Animation/ControlRig/Content/M_Manip.uexp" 372
"../../../Engine/Plugins/Animation/ControlRig/Content/Controls/DefaultGizmoLibraryNormalized.uasset" 373
"../../../Engine/Plugins/Animation/ControlRig/Content/Controls/DefaultGizmoLibraryNormalized.uexp" 374
"../../../Engine/Plugins/Animation/ControlRig/Content/Controls/ControlRig_Wedge_solid.ubulk" 375
"../../../Engine/Plugins/Animation/ControlRig/Content/Controls/ControlRig_Wedge_solid.uasset" 376
"../../../Engine/Plugins/Animation/ControlRig/Content/Controls/ControlRig_Wedge_solid.uexp" 377
"../../../Engine/Plugins/Animation/ControlRig/Content/Controls/ControlRig_Wedge_3mm.ubulk" 378
"../../../Engine/Plugins/Animation/ControlRig/Content/Controls/ControlRig_Wedge_3mm.uasset" 379
"../../../Engine/Plugins/Animation/ControlRig/Content/Controls/ControlRig_Wedge_3mm.uexp" 380
"../../../Engine/Plugins/Animation/ControlRig/Content/Controls/ControlRig_Wedge_1mm.ubulk" 381
"../../../Engine/Plugins/Animation/ControlRig/Content/Controls/ControlRig_Wedge_1mm.uasset" 382
"../../../Engine/Plugins/Animation/ControlRig/Content/Controls/ControlRig_Wedge_1mm.uexp" 383
"../../../Engine/Plugins/Animation/ControlRig/Content/Controls/ControlRig_Triangle_solid.ubulk" 384
"../../../Engine/Plugins/Animation/ControlRig/Content/Controls/ControlRig_Triangle_solid.uasset" 385
"../../../Engine/Plugins/Animation/ControlRig/Content/Controls/ControlRig_Triangle_solid.uexp" 386
"../../../Engine/Plugins/Animation/ControlRig/Content/Controls/ControlRig_Triangle_3mm.ubulk" 387
"../../../Engine/Plugins/Animation/ControlRig/Content/Controls/ControlRig_Triangle_3mm.uasset" 388
"../../../Engine/Plugins/Animation/ControlRig/Content/Controls/ControlRig_Triangle_3mm.uexp" 389
"../../../Engine/Plugins/Animation/ControlRig/Content/Controls/ControlRig_Triangle_1mm.ubulk" 390
"../../../Engine/Plugins/Animation/ControlRig/Content/Controls/ControlRig_Triangle_1mm.uasset" 391
"../../../Engine/Plugins/Animation/ControlRig/Content/Controls/ControlRig_Triangle_1mm.uexp" 392
"../../../Engine/Plugins/Animation/ControlRig/Content/Controls/ControlRig_Star4_solid.ubulk" 393
"../../../Engine/Plugins/Animation/ControlRig/Content/Controls/ControlRig_Star4_solid.uasset" 394
"../../../Engine/Plugins/Animation/ControlRig/Content/Controls/ControlRig_Star4_solid.uexp" 395
"../../../Engine/Plugins/Animation/ControlRig/Content/Controls/ControlRig_Star4_3mm.ubulk" 396
"../../../Engine/Plugins/Animation/ControlRig/Content/Controls/ControlRig_Star4_3mm.uasset" 397
"../../../Engine/Plugins/Animation/ControlRig/Content/Controls/ControlRig_Star4_3mm.uexp" 398
"../../../Engine/Plugins/Animation/ControlRig/Content/Controls/ControlRig_Star4_1mm.ubulk" 399
"../../../Engine/Plugins/Animation/ControlRig/Content/Controls/ControlRig_Star4_1mm.uasset" 400
"../../../Engine/Plugins/Animation/ControlRig/Content/Controls/ControlRig_Star4_1mm.uexp" 401
"../../../Engine/Plugins/Animation/ControlRig/Content/Controls/ControlRig_Square_solid.ubulk" 402
"../../../Engine/Plugins/Animation/ControlRig/Content/Controls/ControlRig_Square_solid.uasset" 403
"../../../Engine/Plugins/Animation/ControlRig/Content/Controls/ControlRig_Square_solid.uexp" 404
"../../../Engine/Plugins/Animation/ControlRig/Content/Controls/ControlRig_Square_3mm.ubulk" 405
"../../../Engine/Plugins/Animation/ControlRig/Content/Controls/ControlRig_Square_3mm.uasset" 406
"../../../Engine/Plugins/Animation/ControlRig/Content/Controls/ControlRig_Square_3mm.uexp" 407
"../../../Engine/Plugins/Animation/ControlRig/Content/Controls/ControlRig_Square_1mm.ubulk" 408
"../../../Engine/Plugins/Animation/ControlRig/Content/Controls/ControlRig_Square_1mm.uasset" 409
"../../../Engine/Plugins/Animation/ControlRig/Content/Controls/ControlRig_Square_1mm.uexp" 410
"../../../Engine/Plugins/Animation/ControlRig/Content/Controls/ControlRig_Sphere_solid.ubulk" 411
"../../../Engine/Plugins/Animation/ControlRig/Content/Controls/ControlRig_Sphere_solid.uasset" 412
"../../../Engine/Plugins/Animation/ControlRig/Content/Controls/ControlRig_Sphere_solid.uexp" 413
"../../../Engine/Plugins/Animation/ControlRig/Content/Controls/ControlRig_Sphere_3mm.ubulk" 414
"../../../Engine/Plugins/Animation/ControlRig/Content/Controls/ControlRig_Sphere_3mm.uasset" 415
"../../../Engine/Plugins/Animation/ControlRig/Content/Controls/ControlRig_Sphere_3mm.uexp" 416
"../../../Engine/Plugins/Animation/ControlRig/Content/Controls/ControlRig_Sphere_1mm.ubulk" 417
"../../../Engine/Plugins/Animation/ControlRig/Content/Controls/ControlRig_Sphere_1mm.uasset" 418
"../../../Engine/Plugins/Animation/ControlRig/Content/Controls/ControlRig_Sphere_1mm.uexp" 419
"../../../Engine/Plugins/Animation/ControlRig/Content/Controls/ControlRig_RoundedTriangle_solid.ubulk" 420
"../../../Engine/Plugins/Animation/ControlRig/Content/Controls/ControlRig_RoundedTriangle_solid.uasset" 421
"../../../Engine/Plugins/Animation/ControlRig/Content/Controls/ControlRig_RoundedTriangle_solid.uexp" 422
"../../../Engine/Plugins/Animation/ControlRig/Content/Controls/ControlRig_RoundedTriangle_3mm.ubulk" 423
"../../../Engine/Plugins/Animation/ControlRig/Content/Controls/ControlRig_RoundedTriangle_3mm.uasset" 424
"../../../Engine/Plugins/Animation/ControlRig/Content/Controls/ControlRig_RoundedTriangle_3mm.uexp" 425
"../../../Engine/Plugins/Animation/ControlRig/Content/Controls/ControlRig_RoundedTriangle_1mm.ubulk" 426
"../../../Engine/Plugins/Animation/ControlRig/Content/Controls/ControlRig_RoundedTriangle_1mm.uasset" 427
"../../../Engine/Plugins/Animation/ControlRig/Content/Controls/ControlRig_RoundedTriangle_1mm.uexp" 428
"../../../Engine/Plugins/Animation/ControlRig/Content/Controls/ControlRig_RoundedSquare_solid.ubulk" 429
"../../../Engine/Plugins/Animation/ControlRig/Content/Controls/ControlRig_RoundedSquare_solid.uasset" 430
"../../../Engine/Plugins/Animation/ControlRig/Content/Controls/ControlRig_RoundedSquare_solid.uexp" 431
"../../../Engine/Plugins/Animation/ControlRig/Content/Controls/ControlRig_RoundedSquare_3mm.ubulk" 432
"../../../Engine/Plugins/Animation/ControlRig/Content/Controls/ControlRig_RoundedSquare_3mm.uasset" 433
"../../../Engine/Plugins/Animation/ControlRig/Content/Controls/ControlRig_RoundedSquare_3mm.uexp" 434
"../../../Engine/Plugins/Animation/ControlRig/Content/Controls/ControlRig_RoundedSquare_1mm.ubulk" 435
"../../../Engine/Plugins/Animation/ControlRig/Content/Controls/ControlRig_RoundedSquare_1mm.uasset" 436
"../../../Engine/Plugins/Animation/ControlRig/Content/Controls/ControlRig_RoundedSquare_1mm.uexp" 437
"../../../Engine/Plugins/Animation/ControlRig/Content/Controls/ControlRig_QuarterCircle_solid.ubulk" 438
"../../../Engine/Plugins/Animation/ControlRig/Content/Controls/ControlRig_QuarterCircle_solid.uasset" 439
"../../../Engine/Plugins/Animation/ControlRig/Content/Controls/ControlRig_QuarterCircle_solid.uexp" 440
"../../../Engine/Plugins/Animation/ControlRig/Content/Controls/ControlRig_QuarterCircle_3mm.ubulk" 441
"../../../Engine/Plugins/Animation/ControlRig/Content/Controls/ControlRig_QuarterCircle_3mm.uasset" 442
"../../../Engine/Plugins/Animation/ControlRig/Content/Controls/ControlRig_QuarterCircle_3mm.uexp" 443
"../../../Engine/Plugins/Animation/ControlRig/Content/Controls/ControlRig_QuarterCircle_1mm.ubulk" 444
"../../../Engine/Plugins/Animation/ControlRig/Content/Controls/ControlRig_QuarterCircle_1mm.uasset" 445
"../../../Engine/Plugins/Animation/ControlRig/Content/Controls/ControlRig_QuarterCircle_1mm.uexp" 446
"../../../Engine/Plugins/Animation/ControlRig/Content/Controls/ControlRig_Pyramid_solid.ubulk" 447
"../../../Engine/Plugins/Animation/ControlRig/Content/Controls/ControlRig_Pyramid_solid.uasset" 448
"../../../Engine/Plugins/Animation/ControlRig/Content/Controls/ControlRig_Pyramid_solid.uexp" 449
"../../../Engine/Plugins/Animation/ControlRig/Content/Controls/ControlRig_Pyramid_3mm.ubulk" 450
"../../../Engine/Plugins/Animation/ControlRig/Content/Controls/ControlRig_Pyramid_3mm.uasset" 451
"../../../Engine/Plugins/Animation/ControlRig/Content/Controls/ControlRig_Pyramid_3mm.uexp" 452
"../../../Engine/Plugins/Animation/ControlRig/Content/Controls/ControlRig_Pyramid_1mm.ubulk" 453
"../../../Engine/Plugins/Animation/ControlRig/Content/Controls/ControlRig_Pyramid_1mm.uasset" 454
"../../../Engine/Plugins/Animation/ControlRig/Content/Controls/ControlRig_Pyramid_1mm.uexp" 455
"../../../Engine/Plugins/Animation/ControlRig/Content/Controls/ControlRig_Octagon_solid.ubulk" 456
"../../../Engine/Plugins/Animation/ControlRig/Content/Controls/ControlRig_Octagon_solid.uasset" 457
"../../../Engine/Plugins/Animation/ControlRig/Content/Controls/ControlRig_Octagon_solid.uexp" 458
"../../../Engine/Plugins/Animation/ControlRig/Content/Controls/ControlRig_Octagon_3mm.ubulk" 459
"../../../Engine/Plugins/Animation/ControlRig/Content/Controls/ControlRig_Octagon_3mm.uasset" 460
"../../../Engine/Plugins/Animation/ControlRig/Content/Controls/ControlRig_Octagon_3mm.uexp" 461
"../../../Engine/Plugins/Animation/ControlRig/Content/Controls/ControlRig_Octagon_1mm.ubulk" 462
"../../../Engine/Plugins/Animation/ControlRig/Content/Controls/ControlRig_Octagon_1mm.uasset" 463
"../../../Engine/Plugins/Animation/ControlRig/Content/Controls/ControlRig_Octagon_1mm.uexp" 464
"../../../Engine/Plugins/Animation/ControlRig/Content/Controls/ControlRig_Hexagon_solid.ubulk" 465
"../../../Engine/Plugins/Animation/ControlRig/Content/Controls/ControlRig_Hexagon_solid.uasset" 466
"../../../Engine/Plugins/Animation/ControlRig/Content/Controls/ControlRig_Hexagon_solid.uexp" 467
"../../../Engine/Plugins/Animation/ControlRig/Content/Controls/ControlRig_Hexagon_3mm.ubulk" 468
"../../../Engine/Plugins/Animation/ControlRig/Content/Controls/ControlRig_Hexagon_3mm.uasset" 469
"../../../Engine/Plugins/Animation/ControlRig/Content/Controls/ControlRig_Hexagon_3mm.uexp" 470
"../../../Engine/Plugins/Animation/ControlRig/Content/Controls/ControlRig_Hexagon_1mm.ubulk" 471
"../../../Engine/Plugins/Animation/ControlRig/Content/Controls/ControlRig_Hexagon_1mm.uasset" 472
"../../../Engine/Plugins/Animation/ControlRig/Content/Controls/ControlRig_Hexagon_1mm.uexp" 473
"../../../Engine/Plugins/Animation/ControlRig/Content/Controls/ControlRig_HalfCircle_solid.ubulk" 474
"../../../Engine/Plugins/Animation/ControlRig/Content/Controls/ControlRig_HalfCircle_solid.uasset" 475
"../../../Engine/Plugins/Animation/ControlRig/Content/Controls/ControlRig_HalfCircle_solid.uexp" 476
"../../../Engine/Plugins/Animation/ControlRig/Content/Controls/ControlRig_HalfCircle_3mm.ubulk" 477
"../../../Engine/Plugins/Animation/ControlRig/Content/Controls/ControlRig_HalfCircle_3mm.uasset" 478
"../../../Engine/Plugins/Animation/ControlRig/Content/Controls/ControlRig_HalfCircle_3mm.uexp" 479
"../../../Engine/Plugins/Animation/ControlRig/Content/Controls/ControlRig_HalfCircle_1mm.ubulk" 480
"../../../Engine/Plugins/Animation/ControlRig/Content/Controls/ControlRig_HalfCircle_1mm.uasset" 481
"../../../Engine/Plugins/Animation/ControlRig/Content/Controls/ControlRig_HalfCircle_1mm.uexp" 482
"../../../Engine/Plugins/Animation/ControlRig/Content/Controls/ControlRig_Diamond_solid.ubulk" 483
"../../../Engine/Plugins/Animation/ControlRig/Content/Controls/ControlRig_Diamond_solid.uasset" 484
"../../../Engine/Plugins/Animation/ControlRig/Content/Controls/ControlRig_Diamond_solid.uexp" 485
"../../../Engine/Plugins/Animation/ControlRig/Content/Controls/ControlRig_Diamond_3mm.ubulk" 486
"../../../Engine/Plugins/Animation/ControlRig/Content/Controls/ControlRig_Diamond_3mm.uasset" 487
"../../../Engine/Plugins/Animation/ControlRig/Content/Controls/ControlRig_Diamond_3mm.uexp" 488
"../../../Engine/Plugins/Animation/ControlRig/Content/Controls/ControlRig_Diamond_1mm.ubulk" 489
"../../../Engine/Plugins/Animation/ControlRig/Content/Controls/ControlRig_Diamond_1mm.uasset" 490
"../../../Engine/Plugins/Animation/ControlRig/Content/Controls/ControlRig_Diamond_1mm.uexp" 491
"../../../Engine/Plugins/Animation/ControlRig/Content/Controls/ControlRig_Circle_solid.ubulk" 492
"../../../Engine/Plugins/Animation/ControlRig/Content/Controls/ControlRig_Circle_solid.uasset" 493
"../../../Engine/Plugins/Animation/ControlRig/Content/Controls/ControlRig_Circle_solid.uexp" 494
"../../../Engine/Plugins/Animation/ControlRig/Content/Controls/ControlRig_Circle_3mm.ubulk" 495
"../../../Engine/Plugins/Animation/ControlRig/Content/Controls/ControlRig_Circle_3mm.uasset" 496
"../../../Engine/Plugins/Animation/ControlRig/Content/Controls/ControlRig_Circle_3mm.uexp" 497
"../../../Engine/Plugins/Animation/ControlRig/Content/Controls/ControlRig_Circle_1mm.ubulk" 498
"../../../Engine/Plugins/Animation/ControlRig/Content/Controls/ControlRig_Circle_1mm.uasset" 499
"../../../Engine/Plugins/Animation/ControlRig/Content/Controls/ControlRig_Circle_1mm.uexp" 500
"../../../Engine/Plugins/Animation/ControlRig/Content/Controls/ControlRig_Box_solid.ubulk" 501
"../../../Engine/Plugins/Animation/ControlRig/Content/Controls/ControlRig_Box_solid.uasset" 502
"../../../Engine/Plugins/Animation/ControlRig/Content/Controls/ControlRig_Box_solid.uexp" 503
"../../../Engine/Plugins/Animation/ControlRig/Content/Controls/ControlRig_Box_3mm.ubulk" 504
"../../../Engine/Plugins/Animation/ControlRig/Content/Controls/ControlRig_Box_3mm.uasset" 505
"../../../Engine/Plugins/Animation/ControlRig/Content/Controls/ControlRig_Box_3mm.uexp" 506
"../../../Engine/Plugins/Animation/ControlRig/Content/Controls/ControlRig_Box_1mm.ubulk" 507
"../../../Engine/Plugins/Animation/ControlRig/Content/Controls/ControlRig_Box_1mm.uasset" 508
"../../../Engine/Plugins/Animation/ControlRig/Content/Controls/ControlRig_Box_1mm.uexp" 509
"../../../Engine/Plugins/Animation/ControlRig/Content/Controls/ControlRig_Arrow_solid.ubulk" 510
"../../../Engine/Plugins/Animation/ControlRig/Content/Controls/ControlRig_Arrow_solid.uasset" 511
"../../../Engine/Plugins/Animation/ControlRig/Content/Controls/ControlRig_Arrow_solid.uexp" 512
"../../../Engine/Plugins/Animation/ControlRig/Content/Controls/ControlRig_Arrow_3mm.ubulk" 513
"../../../Engine/Plugins/Animation/ControlRig/Content/Controls/ControlRig_Arrow_3mm.uasset" 514
"../../../Engine/Plugins/Animation/ControlRig/Content/Controls/ControlRig_Arrow_3mm.uexp" 515
"../../../Engine/Plugins/Animation/ControlRig/Content/Controls/ControlRig_Arrow_1mm.ubulk" 516
"../../../Engine/Plugins/Animation/ControlRig/Content/Controls/ControlRig_Arrow_1mm.uasset" 517
"../../../Engine/Plugins/Animation/ControlRig/Content/Controls/ControlRig_Arrow_1mm.uexp" 518
"../../../Engine/Plugins/Animation/ControlRig/Content/Controls/ControlRig_Arrow4_solid.ubulk" 519
"../../../Engine/Plugins/Animation/ControlRig/Content/Controls/ControlRig_Arrow4_solid.uasset" 520
"../../../Engine/Plugins/Animation/ControlRig/Content/Controls/ControlRig_Arrow4_solid.uexp" 521
"../../../Engine/Plugins/Animation/ControlRig/Content/Controls/ControlRig_Arrow4_3mm.ubulk" 522
"../../../Engine/Plugins/Animation/ControlRig/Content/Controls/ControlRig_Arrow4_3mm.uasset" 523
"../../../Engine/Plugins/Animation/ControlRig/Content/Controls/ControlRig_Arrow4_3mm.uexp" 524
"../../../Engine/Plugins/Animation/ControlRig/Content/Controls/ControlRig_Arrow4_1mm.ubulk" 525
"../../../Engine/Plugins/Animation/ControlRig/Content/Controls/ControlRig_Arrow4_1mm.uasset" 526
"../../../Engine/Plugins/Animation/ControlRig/Content/Controls/ControlRig_Arrow4_1mm.uexp" 527
"../../../Engine/Plugins/Animation/ControlRig/Content/Controls/ControlRig_Arrow2_solid.ubulk" 528
"../../../Engine/Plugins/Animation/ControlRig/Content/Controls/ControlRig_Arrow2_solid.uasset" 529
"../../../Engine/Plugins/Animation/ControlRig/Content/Controls/ControlRig_Arrow2_solid.uexp" 530
"../../../Engine/Plugins/Animation/ControlRig/Content/Controls/ControlRig_Arrow2_3mm.ubulk" 531
"../../../Engine/Plugins/Animation/ControlRig/Content/Controls/ControlRig_Arrow2_3mm.uasset" 532
"../../../Engine/Plugins/Animation/ControlRig/Content/Controls/ControlRig_Arrow2_3mm.uexp" 533
"../../../Engine/Plugins/Animation/ControlRig/Content/Controls/ControlRig_Arrow2_1mm.ubulk" 534
"../../../Engine/Plugins/Animation/ControlRig/Content/Controls/ControlRig_Arrow2_1mm.uasset" 535
"../../../Engine/Plugins/Animation/ControlRig/Content/Controls/ControlRig_Arrow2_1mm.uexp" 536
"../../../Engine/Plugins/Animation/ControlRig/Content/Controls/ControlRigGizmoMaterial.uasset" 537
"../../../Engine/Plugins/Animation/ControlRig/Content/Controls/ControlRigGizmoMaterial.uexp" 538
"../../../Engine/Plugins/Editor/SpeedTreeImporter/Content/SpeedTree9/game_wind_noise.ubulk" 539
"../../../Engine/Plugins/Editor/SpeedTreeImporter/Content/SpeedTree9/game_wind_noise.uasset" 540
"../../../Engine/Plugins/Editor/SpeedTreeImporter/Content/SpeedTree9/game_wind_noise.uexp" 541
"../../../Engine/Plugins/Editor/SpeedTreeImporter/Content/SpeedTree9/UnpackDirection.uasset" 542
"../../../Engine/Plugins/Editor/SpeedTreeImporter/Content/SpeedTree9/UnpackDirection.uexp" 543
"../../../Engine/Content/Functions/Engine_MaterialFunctions02/ObjectLocalBounds.uasset" 544
"../../../Engine/Content/Functions/Engine_MaterialFunctions02/ObjectLocalBounds.uexp" 545
"../../../Engine/Content/Functions/Engine_MaterialFunctions02/UVs/BoundingBoxBased_0-1_UVW.uasset" 546
"../../../Engine/Content/Functions/Engine_MaterialFunctions02/UVs/BoundingBoxBased_0-1_UVW.uexp" 547
"../../../Engine/Content/Functions/Engine_MaterialFunctions02/Utility/VectorLength.uasset" 548
"../../../Engine/Content/Functions/Engine_MaterialFunctions02/Utility/VectorLength.uexp" 549
"../../../Engine/Plugins/Editor/SpeedTreeImporter/Content/SpeedTree9/UnpackInteger3.uasset" 550
"../../../Engine/Plugins/Editor/SpeedTreeImporter/Content/SpeedTree9/UnpackInteger3.uexp" 551
"../../../Engine/Plugins/Editor/SpeedTreeImporter/Content/SpeedTree9/SpeedTreeCameraFacing.uasset" 552
"../../../Engine/Plugins/Editor/SpeedTreeImporter/Content/SpeedTree9/SpeedTreeCameraFacing.uexp" 553
"../../../Engine/Content/Functions/Engine_MaterialFunctions02/WorldPositionOffset/ObjectScale.uasset" 554
"../../../Engine/Content/Functions/Engine_MaterialFunctions02/WorldPositionOffset/ObjectScale.uexp" 555
"../../../Engine/Content/Functions/Engine_MaterialFunctions02/SafeNormalize.uasset" 556
"../../../Engine/Content/Functions/Engine_MaterialFunctions02/SafeNormalize.uexp" 557
"../../../Engine/Plugins/Editor/SpeedTreeImporter/Content/SpeedTree9/SpeedTreeWindMotion.uasset" 558
"../../../Engine/Plugins/Editor/SpeedTreeImporter/Content/SpeedTree9/SpeedTreeWindMotion.uexp" 559
"../../../Engine/Plugins/Editor/SpeedTreeImporter/Content/SpeedTree9/SpeedTreeBranchMotion.uasset" 560
"../../../Engine/Plugins/Editor/SpeedTreeImporter/Content/SpeedTree9/SpeedTreeBranchMotion.uexp" 561
"../../../Engine/Plugins/Editor/SpeedTreeImporter/Content/SpeedTree9/SpeedTreeWind.uasset" 562
"../../../Engine/Plugins/Editor/SpeedTreeImporter/Content/SpeedTree9/SpeedTreeWind.uexp" 563
"../../../Engine/Plugins/Editor/SpeedTreeImporter/Content/SpeedTree9/EmptyNormal.uasset" 564
"../../../Engine/Plugins/Editor/SpeedTreeImporter/Content/SpeedTree9/EmptyNormal.uexp" 565
"../../../Engine/Plugins/Editor/SpeedTreeImporter/Content/SpeedTree9/Empty.uasset" 566
"../../../Engine/Plugins/Editor/SpeedTreeImporter/Content/SpeedTree9/Empty.uexp" 567
"../../../Engine/Plugins/Editor/SpeedTreeImporter/Content/SpeedTree9/SpeedTreeMaster.uasset" 568
"../../../Engine/Plugins/Editor/SpeedTreeImporter/Content/SpeedTree9/SpeedTreeMaster.uexp" 569
"../../../Engine/Plugins/Editor/SpeedTreeImporter/Content/SpeedTree9/SpeedTreeBillboard.uasset" 570
"../../../Engine/Plugins/Editor/SpeedTreeImporter/Content/SpeedTree9/SpeedTreeBillboard.uexp" 571
"../../../Engine/Plugins/Editor/SpeedTreeImporter/Content/SpeedTree9/SpeedTreeBillboardMaster.uasset" 572
"../../../Engine/Plugins/Editor/SpeedTreeImporter/Content/SpeedTree9/SpeedTreeBillboardMaster.uexp" 573
"../../../Engine/Plugins/Runtime/HairStrands/Content/Materials/HairMeshesDefaultMaterial.uasset" 574
"../../../Engine/Plugins/Runtime/HairStrands/Content/Materials/HairMeshesDefaultMaterial.uexp" 575
"../../../Engine/Plugins/Runtime/HairStrands/Content/Materials/HairDefaultMaterial.uasset" 576
"../../../Engine/Plugins/Runtime/HairStrands/Content/Materials/HairDefaultMaterial.uexp" 577
"../../../Engine/Plugins/Runtime/HairStrands/Content/Materials/HairGroupColors.uasset" 578
"../../../Engine/Plugins/Runtime/HairStrands/Content/Materials/HairGroupColors.uexp" 579
"../../../Engine/Content/EngineMaterials/HairColorMap.uasset" 580
"../../../Engine/Content/EngineMaterials/HairColorMap.uexp" 581
"../../../Engine/Content/EngineMaterials/HairDebugColor.uasset" 582
"../../../Engine/Content/EngineMaterials/HairDebugColor.uexp" 583
"../../../Engine/Plugins/Runtime/HairStrands/Content/Materials/HairDebugMaterial.uasset" 584
"../../../Engine/Plugins/Runtime/HairStrands/Content/Materials/HairDebugMaterial.uexp" 585
"../../../Engine/Plugins/Runtime/HairStrands/Content/Materials/HairCardsDefaultMaterial.uasset" 586
"../../../Engine/Plugins/Runtime/HairStrands/Content/Materials/HairCardsDefaultMaterial.uexp" 587
"F:/Unreal Projects/QuestVer2/Content/LevelPrototyping/Textures/T_GridChecker_A.ubulk" 588
"F:/Unreal Projects/QuestVer2/Content/LevelPrototyping/Textures/T_GridChecker_A.uasset" 589
"F:/Unreal Projects/QuestVer2/Content/LevelPrototyping/Textures/T_GridChecker_A.uexp" 590
"../../../Engine/Content/Functions/Engine_MaterialFunctions01/Gradient/LinearGradient.uasset" 591
"../../../Engine/Content/Functions/Engine_MaterialFunctions01/Gradient/LinearGradient.uexp" 592
"../../../Engine/Content/Functions/Engine_MaterialFunctions01/ImageAdjustment/CheapContrast.uasset" 593
"../../../Engine/Content/Functions/Engine_MaterialFunctions01/ImageAdjustment/CheapContrast.uexp" 594
"F:/Unreal Projects/QuestVer2/Content/LevelPrototyping/Materials/MF_ProcGrid.uasset" 595
"F:/Unreal Projects/QuestVer2/Content/LevelPrototyping/Materials/MF_ProcGrid.uexp" 596
"F:/Unreal Projects/QuestVer2/Content/LevelPrototyping/Materials/M_PrototypeGrid.uasset" 597
"F:/Unreal Projects/QuestVer2/Content/LevelPrototyping/Materials/M_PrototypeGrid.uexp" 598
"F:/Unreal Projects/QuestVer2/Content/LevelPrototyping/Materials/MI_PrototypeGrid_TopDark.uasset" 599
"F:/Unreal Projects/QuestVer2/Content/LevelPrototyping/Materials/MI_PrototypeGrid_TopDark.uexp" 600
"F:/Unreal Projects/QuestVer2/Content/LevelPrototyping/Materials/MI_PrototypeGrid_Gray.uasset" 601
"F:/Unreal Projects/QuestVer2/Content/LevelPrototyping/Materials/MI_PrototypeGrid_Gray.uexp" 602
"F:/Unreal Projects/QuestVer2/Content/LevelPrototyping/Meshes/SM_Ramp.ubulk" 603
"F:/Unreal Projects/QuestVer2/Content/LevelPrototyping/Meshes/SM_Ramp.uasset" 604
"F:/Unreal Projects/QuestVer2/Content/LevelPrototyping/Meshes/SM_Ramp.uexp" 605
"F:/Unreal Projects/QuestVer2/Content/LevelPrototyping/Meshes/SM_QuarterCylinder.ubulk" 606
"F:/Unreal Projects/QuestVer2/Content/LevelPrototyping/Meshes/SM_QuarterCylinder.uasset" 607
"F:/Unreal Projects/QuestVer2/Content/LevelPrototyping/Meshes/SM_QuarterCylinder.uexp" 608
"F:/Unreal Projects/QuestVer2/Content/LevelPrototyping/Meshes/SM_Cube.ubulk" 609
"F:/Unreal Projects/QuestVer2/Content/LevelPrototyping/Meshes/SM_Cube.uasset" 610
"F:/Unreal Projects/QuestVer2/Content/LevelPrototyping/Meshes/SM_Cube.uexp" 611
"F:/Unreal Projects/QuestVer2/Content/LevelPrototyping/Materials/M_Solid.uasset" 612
"F:/Unreal Projects/QuestVer2/Content/LevelPrototyping/Materials/M_Solid.uexp" 613
"F:/Unreal Projects/QuestVer2/Content/LevelPrototyping/Materials/MI_Solid_Blue.uasset" 614
"F:/Unreal Projects/QuestVer2/Content/LevelPrototyping/Materials/MI_Solid_Blue.uexp" 615
"F:/Unreal Projects/QuestVer2/Content/LevelPrototyping/Meshes/SM_ChamferCube.ubulk" 616
"F:/Unreal Projects/QuestVer2/Content/LevelPrototyping/Meshes/SM_ChamferCube.uasset" 617
"F:/Unreal Projects/QuestVer2/Content/LevelPrototyping/Meshes/SM_ChamferCube.uexp" 618
"F:/Unreal Projects/QuestVer2/Content/Characters/Mannequins/Meshes/SK_Mannequin.uasset" 619
"F:/Unreal Projects/QuestVer2/Content/Characters/Mannequins/Meshes/SK_Mannequin.uexp" 620
"F:/Unreal Projects/QuestVer2/Content/Characters/Mannequins/Textures/Quinn/T_Quinn_02ID_MSR_MSK.ubulk" 621
"F:/Unreal Projects/QuestVer2/Content/Characters/Mannequins/Textures/Quinn/T_Quinn_02ID_MSR_MSK.uasset" 622
"F:/Unreal Projects/QuestVer2/Content/Characters/Mannequins/Textures/Quinn/T_Quinn_02ID_MSR_MSK.uexp" 623
"F:/Unreal Projects/QuestVer2/Content/Characters/Mannequins/Textures/Quinn/T_Quinn_02ID_BN.ubulk" 624
"F:/Unreal Projects/QuestVer2/Content/Characters/Mannequins/Textures/Quinn/T_Quinn_02ID_BN.uasset" 625
"F:/Unreal Projects/QuestVer2/Content/Characters/Mannequins/Textures/Quinn/T_Quinn_02ID_BN.uexp" 626
"F:/Unreal Projects/QuestVer2/Content/Characters/Mannequins/Textures/Quinn/T_Quinn_02_ASAOMASK_MSK.ubulk" 627
"F:/Unreal Projects/QuestVer2/Content/Characters/Mannequins/Textures/Quinn/T_Quinn_02_ASAOMASK_MSK.uasset" 628
"F:/Unreal Projects/QuestVer2/Content/Characters/Mannequins/Textures/Quinn/T_Quinn_02_ASAOMASK_MSK.uexp" 629
"F:/Unreal Projects/QuestVer2/Content/Characters/Mannequins/Textures/Quinn/T_Quinn_02_CCRCCPlastic_MSK.ubulk" 630
"F:/Unreal Projects/QuestVer2/Content/Characters/Mannequins/Textures/Quinn/T_Quinn_02_CCRCCPlastic_MSK.uasset" 631
"F:/Unreal Projects/QuestVer2/Content/Characters/Mannequins/Textures/Quinn/T_Quinn_02_CCRCCPlastic_MSK.uexp" 632
"F:/Unreal Projects/QuestVer2/Content/Characters/Mannequins/Textures/Quinn/T_Quinn_02ID_Tan.ubulk" 633
"F:/Unreal Projects/QuestVer2/Content/Characters/Mannequins/Textures/Quinn/T_Quinn_02ID_Tan.uasset" 634
"F:/Unreal Projects/QuestVer2/Content/Characters/Mannequins/Textures/Quinn/T_Quinn_02ID_Tan.uexp" 635
"F:/Unreal Projects/QuestVer2/Content/Characters/Mannequins/Textures/Quinn/T_Quinn_02ID_D.ubulk" 636
"F:/Unreal Projects/QuestVer2/Content/Characters/Mannequins/Textures/Quinn/T_Quinn_02ID_D.uasset" 637
"F:/Unreal Projects/QuestVer2/Content/Characters/Mannequins/Textures/Quinn/T_Quinn_02ID_D.uexp" 638
"F:/Unreal Projects/QuestVer2/Content/Characters/Mannequins/Textures/Quinn/T_Quinn_01ID_MSR_MSK.ubulk" 639
"F:/Unreal Projects/QuestVer2/Content/Characters/Mannequins/Textures/Quinn/T_Quinn_01ID_MSR_MSK.uasset" 640
"F:/Unreal Projects/QuestVer2/Content/Characters/Mannequins/Textures/Quinn/T_Quinn_01ID_MSR_MSK.uexp" 641
"F:/Unreal Projects/QuestVer2/Content/Characters/Mannequins/Materials/Functions/ChromaticCurve.uasset" 642
"F:/Unreal Projects/QuestVer2/Content/Characters/Mannequins/Materials/Functions/ChromaticCurve.uexp" 643
"F:/Unreal Projects/QuestVer2/Content/Characters/Mannequins/Materials/Functions/CA_Mannequin.uasset" 644
"F:/Unreal Projects/QuestVer2/Content/Characters/Mannequins/Materials/Functions/CA_Mannequin.uexp" 645
"F:/Unreal Projects/QuestVer2/Content/Characters/Mannequins/Materials/Functions/MF_Diffraction.uasset" 646
"F:/Unreal Projects/QuestVer2/Content/Characters/Mannequins/Materials/Functions/MF_Diffraction.uexp" 647
"F:/Unreal Projects/QuestVer2/Content/Characters/Mannequins/Textures/Manny/T_Manny_01_N.ubulk" 648
"F:/Unreal Projects/QuestVer2/Content/Characters/Mannequins/Textures/Manny/T_Manny_01_N.uasset" 649
"F:/Unreal Projects/QuestVer2/Content/Characters/Mannequins/Textures/Manny/T_Manny_01_N.uexp" 650
"F:/Unreal Projects/QuestVer2/Content/Characters/Mannequins/Materials/Functions/ML_BaseColorFallOff.uasset" 651
"F:/Unreal Projects/QuestVer2/Content/Characters/Mannequins/Materials/Functions/ML_BaseColorFallOff.uexp" 652
"../../../Engine/Content/Functions/Engine_MaterialFunctions01/Texturing/ScaleUVsByCenter.uasset" 653
"../../../Engine/Content/Functions/Engine_MaterialFunctions01/Texturing/ScaleUVsByCenter.uexp" 654
"F:/Unreal Projects/QuestVer2/Content/Characters/Mannequins/Textures/Shared/T_UE_Logo_M.uasset" 655
"F:/Unreal Projects/QuestVer2/Content/Characters/Mannequins/Textures/Shared/T_UE_Logo_M.uexp" 656
"F:/Unreal Projects/QuestVer2/Content/Characters/Mannequins/Materials/Functions/MF_logo3layers.uasset" 657
"F:/Unreal Projects/QuestVer2/Content/Characters/Mannequins/Materials/Functions/MF_logo3layers.uexp" 658
"F:/Unreal Projects/QuestVer2/Content/Characters/Mannequins/Textures/Manny/T_Manny_01_CCRCCPlastic_MSK.ubulk" 659
"F:/Unreal Projects/QuestVer2/Content/Characters/Mannequins/Textures/Manny/T_Manny_01_CCRCCPlastic_MSK.uasset" 660
"F:/Unreal Projects/QuestVer2/Content/Characters/Mannequins/Textures/Manny/T_Manny_01_CCRCCPlastic_MSK.uexp" 661
"F:/Unreal Projects/QuestVer2/Content/Characters/Mannequins/Textures/Manny/T_Manny_01_ASAOPMASK_MSK.ubulk" 662
"F:/Unreal Projects/QuestVer2/Content/Characters/Mannequins/Textures/Manny/T_Manny_01_ASAOPMASK_MSK.uasset" 663
"F:/Unreal Projects/QuestVer2/Content/Characters/Mannequins/Textures/Manny/T_Manny_01_ASAOPMASK_MSK.uexp" 664
"F:/Unreal Projects/QuestVer2/Content/Characters/Mannequins/Textures/Manny/T_Manny_01_MSR_MSK.ubulk" 665
"F:/Unreal Projects/QuestVer2/Content/Characters/Mannequins/Textures/Manny/T_Manny_01_MSR_MSK.uasset" 666
"F:/Unreal Projects/QuestVer2/Content/Characters/Mannequins/Textures/Manny/T_Manny_01_MSR_MSK.uexp" 667
"F:/Unreal Projects/QuestVer2/Content/Characters/Mannequins/Textures/Manny/T_Manny_01_BN.ubulk" 668
"F:/Unreal Projects/QuestVer2/Content/Characters/Mannequins/Textures/Manny/T_Manny_01_BN.uasset" 669
"F:/Unreal Projects/QuestVer2/Content/Characters/Mannequins/Textures/Manny/T_Manny_01_BN.uexp" 670
"F:/Unreal Projects/QuestVer2/Content/Characters/Mannequins/Textures/Manny/T_Manny_01_D.ubulk" 671
"F:/Unreal Projects/QuestVer2/Content/Characters/Mannequins/Textures/Manny/T_Manny_01_D.uasset" 672
"F:/Unreal Projects/QuestVer2/Content/Characters/Mannequins/Textures/Manny/T_Manny_01_D.uexp" 673
"F:/Unreal Projects/QuestVer2/Content/Characters/Mannequins/Textures/Manny/T_Manny_01_Tan.ubulk" 674
"F:/Unreal Projects/QuestVer2/Content/Characters/Mannequins/Textures/Manny/T_Manny_01_Tan.uasset" 675
"F:/Unreal Projects/QuestVer2/Content/Characters/Mannequins/Textures/Manny/T_Manny_01_Tan.uexp" 676
"F:/Unreal Projects/QuestVer2/Content/Characters/Mannequins/Materials/M_Mannequin.uasset" 677
"F:/Unreal Projects/QuestVer2/Content/Characters/Mannequins/Materials/M_Mannequin.uexp" 678
"F:/Unreal Projects/QuestVer2/Content/Characters/Mannequins/Textures/Quinn/T_Quinn_01_ASAOMASK_MSK.ubulk" 679
"F:/Unreal Projects/QuestVer2/Content/Characters/Mannequins/Textures/Quinn/T_Quinn_01_ASAOMASK_MSK.uasset" 680
"F:/Unreal Projects/QuestVer2/Content/Characters/Mannequins/Textures/Quinn/T_Quinn_01_ASAOMASK_MSK.uexp" 681
"F:/Unreal Projects/QuestVer2/Content/Characters/Mannequins/Textures/Quinn/T_Quinn_01ID_N.ubulk" 682
"F:/Unreal Projects/QuestVer2/Content/Characters/Mannequins/Textures/Quinn/T_Quinn_01ID_N.uasset" 683
"F:/Unreal Projects/QuestVer2/Content/Characters/Mannequins/Textures/Quinn/T_Quinn_01ID_N.uexp" 684
"F:/Unreal Projects/QuestVer2/Content/Characters/Mannequins/Textures/Quinn/T_Quinn_01ID_BN.ubulk" 685
"F:/Unreal Projects/QuestVer2/Content/Characters/Mannequins/Textures/Quinn/T_Quinn_01ID_BN.uasset" 686
"F:/Unreal Projects/QuestVer2/Content/Characters/Mannequins/Textures/Quinn/T_Quinn_01ID_BN.uexp" 687
"F:/Unreal Projects/QuestVer2/Content/Characters/Mannequins/Textures/Quinn/T_Quinn_01ID_D.ubulk" 688
"F:/Unreal Projects/QuestVer2/Content/Characters/Mannequins/Textures/Quinn/T_Quinn_01ID_D.uasset" 689
"F:/Unreal Projects/QuestVer2/Content/Characters/Mannequins/Textures/Quinn/T_Quinn_01ID_D.uexp" 690
"F:/Unreal Projects/QuestVer2/Content/Characters/Mannequins/Textures/Quinn/T_Quinn_01ID_Tan.ubulk" 691
"F:/Unreal Projects/QuestVer2/Content/Characters/Mannequins/Textures/Quinn/T_Quinn_01ID_Tan.uasset" 692
"F:/Unreal Projects/QuestVer2/Content/Characters/Mannequins/Textures/Quinn/T_Quinn_01ID_Tan.uexp" 693
"F:/Unreal Projects/QuestVer2/Content/Characters/Mannequins/Textures/Quinn/T_Quinn_01_CCRCCPlastic_MSK.ubulk" 694
"F:/Unreal Projects/QuestVer2/Content/Characters/Mannequins/Textures/Quinn/T_Quinn_01_CCRCCPlastic_MSK.uasset" 695
"F:/Unreal Projects/QuestVer2/Content/Characters/Mannequins/Textures/Quinn/T_Quinn_01_CCRCCPlastic_MSK.uexp" 696
"F:/Unreal Projects/QuestVer2/Content/Characters/Mannequins/Materials/Instances/Quinn/MI_Quinn_01.uasset" 697
"F:/Unreal Projects/QuestVer2/Content/Characters/Mannequins/Materials/Instances/Quinn/MI_Quinn_01.uexp" 698
"F:/Unreal Projects/QuestVer2/Content/Characters/Mannequins/Textures/Quinn/T_Quinn_02ID_N.ubulk" 699
"F:/Unreal Projects/QuestVer2/Content/Characters/Mannequins/Textures/Quinn/T_Quinn_02ID_N.uasset" 700
"F:/Unreal Projects/QuestVer2/Content/Characters/Mannequins/Textures/Quinn/T_Quinn_02ID_N.uexp" 701
"F:/Unreal Projects/QuestVer2/Content/Characters/Mannequins/Materials/Instances/Quinn/MI_Quinn_02.uasset" 702
"F:/Unreal Projects/QuestVer2/Content/Characters/Mannequins/Materials/Instances/Quinn/MI_Quinn_02.uexp" 703
"F:/Unreal Projects/QuestVer2/Content/Characters/Mannequins/Rigs/PA_Mannequin.uasset" 704
"F:/Unreal Projects/QuestVer2/Content/Characters/Mannequins/Rigs/PA_Mannequin.uexp" 705
"F:/Unreal Projects/QuestVer2/Content/Characters/Mannequins/Meshes/SKM_Quinn_Simple.uasset" 706
"F:/Unreal Projects/QuestVer2/Content/Characters/Mannequins/Meshes/SKM_Quinn_Simple.uexp" 707
"../../../Engine/Content/Animation/DefaultAnimCurveCompressionSettings.uasset" 708
"../../../Engine/Content/Animation/DefaultAnimCurveCompressionSettings.uexp" 709
"../../../Engine/Content/Animation/DefaultAnimBoneCompressionSettings.uasset" 710
"../../../Engine/Content/Animation/DefaultAnimBoneCompressionSettings.uexp" 711
"F:/Unreal Projects/QuestVer2/Content/Characters/Mannequins/Animations/Quinn/MF_Run_Fwd.uasset" 712
"F:/Unreal Projects/QuestVer2/Content/Characters/Mannequins/Animations/Quinn/MF_Run_Fwd.uexp" 713
"F:/Unreal Projects/QuestVer2/Content/Characters/Mannequins/Animations/Quinn/MF_Walk_Fwd.uasset" 714
"F:/Unreal Projects/QuestVer2/Content/Characters/Mannequins/Animations/Quinn/MF_Walk_Fwd.uexp" 715
"../../../Engine/Content/Animation/DefaultRecorderBoneCompression.uasset" 716
"../../../Engine/Content/Animation/DefaultRecorderBoneCompression.uexp" 717
"F:/Unreal Projects/QuestVer2/Content/Characters/Mannequins/Animations/Manny/MM_Walk_InPlace.uasset" 718
"F:/Unreal Projects/QuestVer2/Content/Characters/Mannequins/Animations/Manny/MM_Walk_InPlace.uexp" 719
"F:/Unreal Projects/QuestVer2/Content/Characters/Mannequins/Animations/Quinn/BS_MF_Unarmed_WalkRun.uasset" 720
"F:/Unreal Projects/QuestVer2/Content/Characters/Mannequins/Animations/Quinn/BS_MF_Unarmed_WalkRun.uexp" 721
"F:/Unreal Projects/QuestVer2/Content/Characters/Mannequins/Animations/Quinn/MF_Idle.uasset" 722
"F:/Unreal Projects/QuestVer2/Content/Characters/Mannequins/Animations/Quinn/MF_Idle.uexp" 723
"F:/Unreal Projects/QuestVer2/Content/Characters/Mannequins/Animations/Manny/MM_Fall_Loop.uasset" 724
"F:/Unreal Projects/QuestVer2/Content/Characters/Mannequins/Animations/Manny/MM_Fall_Loop.uexp" 725
"F:/Unreal Projects/QuestVer2/Content/Characters/Mannequins/Animations/Manny/MM_Jump.uasset" 726
"F:/Unreal Projects/QuestVer2/Content/Characters/Mannequins/Animations/Manny/MM_Jump.uexp" 727
"../../../Engine/Plugins/Animation/ControlRig/Content/Controls/DefaultGizmoLibrary.uasset" 728
"../../../Engine/Plugins/Animation/ControlRig/Content/Controls/DefaultGizmoLibrary.uexp" 729
"F:/Unreal Projects/QuestVer2/Content/Characters/Mannequins/Rigs/CR_Mannequin_BasicFootIK.uasset" 730
"F:/Unreal Projects/QuestVer2/Content/Characters/Mannequins/Rigs/CR_Mannequin_BasicFootIK.uexp" 731
"F:/Unreal Projects/QuestVer2/Content/Characters/Mannequins/Animations/Manny/MM_Run_Fwd.uasset" 732
"F:/Unreal Projects/QuestVer2/Content/Characters/Mannequins/Animations/Manny/MM_Run_Fwd.uexp" 733
"F:/Unreal Projects/QuestVer2/Content/Characters/Mannequins/Animations/Manny/MM_Walk_Fwd.uasset" 734
"F:/Unreal Projects/QuestVer2/Content/Characters/Mannequins/Animations/Manny/MM_Walk_Fwd.uexp" 735
"F:/Unreal Projects/QuestVer2/Content/Characters/Mannequins/Animations/Manny/BS_MM_WalkRun.uasset" 736
"F:/Unreal Projects/QuestVer2/Content/Characters/Mannequins/Animations/Manny/BS_MM_WalkRun.uexp" 737
"F:/Unreal Projects/QuestVer2/Content/Characters/Mannequins/Animations/Manny/MM_Land.uasset" 738
"F:/Unreal Projects/QuestVer2/Content/Characters/Mannequins/Animations/Manny/MM_Land.uexp" 739
"F:/Unreal Projects/QuestVer2/Content/Characters/Mannequins/Animations/Manny/MM_Idle.uasset" 740
"F:/Unreal Projects/QuestVer2/Content/Characters/Mannequins/Animations/Manny/MM_Idle.uexp" 741
"F:/Unreal Projects/QuestVer2/Content/Characters/Mannequins/Animations/ABP_Manny.uasset" 742
"F:/Unreal Projects/QuestVer2/Content/Characters/Mannequins/Animations/ABP_Manny.uexp" 743
"F:/Unreal Projects/QuestVer2/Content/Characters/Mannequins/Animations/ABP_Quinn.uasset" 744
"F:/Unreal Projects/QuestVer2/Content/Characters/Mannequins/Animations/ABP_Quinn.uexp" 745
"F:/Unreal Projects/QuestVer2/Content/ThirdPerson/Blueprints/BP_ThirdPersonCharacter.uasset" 746
"F:/Unreal Projects/QuestVer2/Content/ThirdPerson/Blueprints/BP_ThirdPersonCharacter.uexp" 747
"../../../Engine/Content/BasicShapes/BasicShapeMaterial.uasset" 748
"../../../Engine/Content/BasicShapes/BasicShapeMaterial.uexp" 749
"../../../Engine/Content/BasicShapes/Cone.ubulk" 750
"../../../Engine/Content/BasicShapes/Cone.uasset" 751
"../../../Engine/Content/BasicShapes/Cone.uexp" 752
"F:/Unreal Projects/QuestVer2/Content/ThirdPerson/Blueprints/Gimmick/BP_DamageSpike.uasset" 753
"F:/Unreal Projects/QuestVer2/Content/ThirdPerson/Blueprints/Gimmick/BP_DamageSpike.uexp" 754
"../../../Engine/Content/Maps/Entry_BuiltData.uasset" 755
"../../../Engine/Content/Maps/Entry_BuiltData.uexp" 756
"../../../Engine/Content/Maps/Entry.uexp" 757
"../../../Engine/Content/Maps/Entry.umap" 758
"F:/Unreal Projects/QuestVer2/Content/ThirdPerson/Blueprints/BP_QuestVer2GameMode.uasset" 759
"F:/Unreal Projects/QuestVer2/Content/ThirdPerson/Blueprints/BP_QuestVer2GameMode.uexp" 760
"../../../Engine/Content/Maps/Templates/HLODs/HLODLayer_Instanced.uasset" 761
"../../../Engine/Content/Maps/Templates/HLODs/HLODLayer_Instanced.uexp" 762
"F:/Unreal Projects/QuestVer2/Content/ThirdPerson/Maps/ThirdPersonMap.uexp" 763
"F:/Unreal Projects/QuestVer2/Content/ThirdPerson/Maps/ThirdPersonMap.umap" 764
